  AutomaticPurchase.cpp
  GrenadeWarning.cpp
  PlayerList.cpp
  AlternativeAttack.cpp
  Miscellaneous.cpp
  Movement.cpp
  AnimationSystem.cpp
  AntiAim.cpp
  Autowall.cpp
  FakeLag.cpp
  ServerAnimations.cpp
  ShotHandling.cpp
  Scripting.cpp
  BulletTracers.cpp
  Glow.cpp
  Hitmarker.cpp
  Visuals.cpp
  AddBoxOverlay.cpp
  BeginFrame.cpp
  Chams.cpp
  BuildTransformations.cpp
  CalcView.cpp
  CalcViewBob.cpp
  ComputeShadowDepthTextures.cpp
  C_BaseAnimating__DrawModel.cpp
  DoProceduralFootPlant.cpp
  DrawLightDebuggingInfo.cpp
  DrawSetColor.cpp
  FindMaterial.cpp
  FrameStageNotify.cpp
  GameTrace.cpp
  IsHltv.cpp
  IsRenderableInPVS.cpp
  ModifyEyePosition.cpp
  OverrideConfig.cpp
  PhysicsSimulate.cpp
  Present.cpp
  ProcessInterpolatedList.cpp
  ProcessMovement.cpp
  ProcessTempEntities.cpp
  Reset.cpp
  RetrieveMessage.cpp
  SendDatagram.cpp
  ShouldSkipAnimationFrame.cpp
  StandardBlendingRules.cpp
  UpdateClientSideAnimation.cpp
  VertexBufferLock.cpp
  WriteUsercmdDeltaToBuffer.cpp
  Exports.cpp
  Security.cpp
  ColorPicker.cpp
  Hotkey.cpp
  sprite.cpp
  CClientState.cpp
  CCSGameRules.cpp
  IInputSystem.cpp
  characterset.cpp
  CrashHandler.cpp
  DispatchUserMessage.cpp
  IsBoxVisible.cpp
  IsConnected.cpp
  IsPlayingDemo.cpp
  LogSystem.cpp
  Elements.cpp
C:\Program Files\Microsoft Visual Studio\2022\Community\VC\Tools\MSVC\14.42.34433\include\xutility(406,61): warning C4244: 'initializing': conversion from '_Ty' to '_Ty', possible loss of data
C:\Program Files\Microsoft Visual Studio\2022\Community\VC\Tools\MSVC\14.42.34433\include\xutility(406,61): warning C4244:         with
C:\Program Files\Microsoft Visual Studio\2022\Community\VC\Tools\MSVC\14.42.34433\include\xutility(406,61): warning C4244:         [
C:\Program Files\Microsoft Visual Studio\2022\Community\VC\Tools\MSVC\14.42.34433\include\xutility(406,61): warning C4244:             _Ty=int
C:\Program Files\Microsoft Visual Studio\2022\Community\VC\Tools\MSVC\14.42.34433\include\xutility(406,61): warning C4244:         ]
C:\Program Files\Microsoft Visual Studio\2022\Community\VC\Tools\MSVC\14.42.34433\include\xutility(406,61): warning C4244:         and
C:\Program Files\Microsoft Visual Studio\2022\Community\VC\Tools\MSVC\14.42.34433\include\xutility(406,61): warning C4244:         [
C:\Program Files\Microsoft Visual Studio\2022\Community\VC\Tools\MSVC\14.42.34433\include\xutility(406,61): warning C4244:             _Ty=float
C:\Program Files\Microsoft Visual Studio\2022\Community\VC\Tools\MSVC\14.42.34433\include\xutility(406,61): warning C4244:         ]
  (compiling source file 'Loader/Security/Security.cpp')
      C:\Program Files\Microsoft Visual Studio\2022\Community\VC\Tools\MSVC\14.42.34433\include\xutility(406,61):
      the template instantiation context (the oldest one first) is
          C:\Users\Hex\Downloads\KaabaClean hackvshack.net\Kaaba Clean\kaaba\SDK\variables.hpp(527,2):
          see reference to function template instantiation 'T *CBaseGroup::AddOption<float,int>(const char *,int &&)' being compiled
          with
          [
              T=float
          ]
          C:\Users\Hex\Downloads\KaabaClean hackvshack.net\Kaaba Clean\kaaba\SDK\variables.hpp(170,96):
          see reference to function template instantiation 'std::any std::make_any<T,_Ty,0>(_Ty &&)' being compiled
          with
          [
              T=float,
              _Ty=int
          ]
          C:\Program Files\Microsoft Visual Studio\2022\Community\VC\Tools\MSVC\14.42.34433\include\any(363,15):
          see reference to function template instantiation 'std::any::any<T,_T,0>(std::in_place_type_t<T>,_T &&)' being compiled
          with
          [
              T=float,
              _T=int
          ]
          C:\Program Files\Microsoft Visual Studio\2022\Community\VC\Tools\MSVC\14.42.34433\include\any(147,9):
          see reference to function template instantiation '_Decayed &std::any::_Emplace<float,_Ty>(_Ty &&)' being compiled
          with
          [
              _Decayed=float,
              _Ty=int
          ]
          C:\Program Files\Microsoft Visual Studio\2022\Community\VC\Tools\MSVC\14.42.34433\include\any(301,18):
          see reference to function template instantiation 'void std::_Construct_in_place<_Decayed,_Ty>(float &,_Ty &&) noexcept' being compiled
          with
          [
              _Decayed=float,
              _Ty=int
          ]
  
  Button.cpp
  Checkbox.cpp
  Dropdown.cpp
  Form.cpp
  Group.cpp
  GUI.cpp
  Label.cpp
  Listbox.cpp
  MultiDropdown.cpp
  Slider.cpp
  Textbox.cpp
  InputHelper.cpp
  OnSoundStarted.cpp
  Config.cpp
  core.cpp
  CPlayerResource.cpp
  CreateMove.cpp
  CUserCmd.cpp
  variables.cpp
  Displacement.cpp
  DoPostScreenEffects.cpp
  DrawModel.cpp
  EmitSound.cpp
  entity.cpp
  EventLogger.cpp
  GameEvent.cpp
  GetScreenAspectRatio.cpp
  GrenadePrediction.cpp
  IBaseClientDll.cpp
  IClientEntityList.cpp
  IConVar.cpp
  IEngineTrace.cpp
  IGameMovement.cpp
  IInput.cpp
  IMemAlloc.cpp
  IMoveHelper.cpp
  InputSys.cpp
  InterpolateServerEntities.cpp
  IPanel.cpp
  IPrediction.cpp
  ISurface.cpp
  IVEngineClient.cpp
  KitParser.cpp
  LagCompensation.cpp
  CalcRenderableWorldSpaceAABB_Bloated.cpp
  LockCursor.cpp
  DllMain.cpp
  Math.cpp
  Matrix.cpp
  OverrideView.cpp
  PacketStart.cpp
  PaintTraverse.cpp
  platform.cpp
  Player.cpp
  PlayerAnimState.cpp
  PlayerHooks.cpp
  EnginePrediction.cpp
  PropManager.cpp
  qangle.cpp
  Ragebot.cpp
  RecvProxyHooks.cpp
  Render.cpp
  RenderView.cpp
  Resolver.cpp
  RunCommand.cpp
  PatternScan.cpp
  sdk.cpp
  SendNetMsg.cpp
  SetReservationCookie.cpp
  SkinChanger.cpp
  source.cpp
  Print.cpp
  TickbaseShift.cpp
  atomic_lock.cpp
  mutex.cpp
  packed_heap.cpp
  semaphores.cpp
  shared_mutex.cpp
  threading.cpp
  UtlBuffer.cpp
  vector.cpp
  vector2d.cpp
  vector4d.cpp
  vmt_swap.cpp
  weapon.cpp
  lapi.c
  lauxlib.c
  lbaselib.c
  lcode.c
  lcorolib.c
  lctype.c
  ldblib.c
  ldebug.c
  ldo.c
  ldump.c
  lfunc.c
  lgc.c
  linit.c
  liolib.c
  llex.c
  lmathlib.c
  lmem.c
  loadlib.c
  lobject.c
  lopcodes.c
  loslib.c
  lparser.c
  lstate.c
  lstring.c
  lstrlib.c
  ltable.c
  ltablib.c
  ltm.c
  luac.c
  lundump.c
  lutf8lib.c
  lvm.c
  lzio.c
  buffer.c
  hde32.c
  hde64.c
  hook.c
  trampoline.c
     Creating library C:\Users\Hex\Downloads\KaabaClean hackvshack.net\Kaaba Clean\Beta\kaaba_beta.lib and object C:\Users\Hex\Downloads\KaabaClean hackvshack.net\Kaaba Clean\Beta\kaaba_beta.exp
  Generating code
  Finished generating code
  kaaba.vcxproj -> C:\Users\Hex\Downloads\KaabaClean hackvshack.net\Kaaba Clean\Beta\kaaba_beta.dll
